# JRE version: OpenJDK Runtime Environment Temurin-21.0.9+10 (21.0.9+10) (build 21.0.9+10-LTS)
# Java VM: OpenJDK 64-Bit Server VM Temurin-21.0.9+10 (21.0.9+10-LTS, mixed mode, sharing, tiered, compressed oops, compressed class ptrs, parallel gc, windows-amd64)
GC Precious Log:
 CardTable entry size: 512
 CPUs: 16 total, 16 available
 Memory: 15613M
 Large Page Support: Disabled
 NUMA Support: Disabled
 Compressed Oops: Enabled (32-bit)
 Alignments: Space 512K, Generation 512K, Heap 2M
 Heap Min Capacity: 100M
 Heap Initial Capacity: 100M
 Heap Max Capacity: 2G
 Pre-touch: Disabled
 Parallel Workers: 13
Heap:
 PSYoungGen      total 16896K, used 12286K [0x00000000d5580000, 0x00000000d6900000, 0x0000000100000000)
  eden space 15360K, 79% used [0x00000000d5580000,0x00000000d617fb28,0x00000000d6480000)
  from space 1536K, 0% used [0x00000000d6680000,0x00000000d6680000,0x00000000d6800000)
  to   space 1024K, 0% used [0x00000000d6800000,0x00000000d6800000,0x00000000d6900000)
 ParOldGen       total 68608K, used 29715K [0x0000000080000000, 0x0000000084300000, 0x00000000d5580000)
  object space 68608K, 43% used [0x0000000080000000,0x0000000081d04f88,0x0000000084300000)
 Metaspace       used 35955K, committed 37056K, reserved 1114112K
  class space    used 3648K, committed 4160K, reserved 1048576K
GC Heap History (20 events):
Event: 3.931 GC heap before
{Heap before GC invocations=14 (full 1):
 PSYoungGen      total 15872K, used 15857K [0x00000000d5580000, 0x00000000d6a00000, 0x0000000100000000)
  eden space 15360K, 100% used [0x00000000d5580000,0x00000000d6480000,0x00000000d6480000)
  from space 512K, 97% used [0x00000000d6980000,0x00000000d69fc4b0,0x00000000d6a00000)
  to   space 1536K, 0% used [0x00000000d6700000,0x00000000d6700000,0x00000000d6880000)
 ParOldGen       total 68608K, used 25288K [0x0000000080000000, 0x0000000084300000, 0x00000000d5580000)
  object space 68608K, 36% used [0x0000000080000000,0x00000000818b2080,0x0000000084300000)
 Metaspace       used 25636K, committed 26496K, reserved 1114112K
  class space    used 2512K, committed 2880K, reserved 1048576K
}
Event: 3.932 GC heap after
{Heap after GC invocations=14 (full 1):
 PSYoungGen      total 16896K, used 416K [0x00000000d5580000, 0x00000000d6a00000, 0x0000000100000000)
  eden space 15360K, 0% used [0x00000000d5580000,0x00000000d5580000,0x00000000d6480000)
  from space 1536K, 27% used [0x00000000d6700000,0x00000000d6768000,0x00000000d6880000)
  to   space 1024K, 0% used [0x00000000d6900000,0x00000000d6900000,0x00000000d6a00000)
 ParOldGen       total 68608K, used 25400K [0x0000000080000000, 0x0000000084300000, 0x00000000d5580000)
  object space 68608K, 37% used [0x0000000080000000,0x00000000818ce080,0x0000000084300000)
 Metaspace       used 25636K, committed 26496K, reserved 1114112K
  class space    used 2512K, committed 2880K, reserved 1048576K
}
Event: 4.043 GC heap before
{Heap before GC invocations=15 (full 1):
 PSYoungGen      total 16896K, used 15776K [0x00000000d5580000, 0x00000000d6a00000, 0x0000000100000000)
  eden space 15360K, 100% used [0x00000000d5580000,0x00000000d6480000,0x00000000d6480000)
  from space 1536K, 27% used [0x00000000d6700000,0x00000000d6768000,0x00000000d6880000)
  to   space 1024K, 0% used [0x00000000d6900000,0x00000000d6900000,0x00000000d6a00000)
 ParOldGen       total 68608K, used 25400K [0x0000000080000000, 0x0000000084300000, 0x00000000d5580000)
  object space 68608K, 37% used [0x0000000080000000,0x00000000818ce080,0x0000000084300000)
 Metaspace       used 27083K, committed 27904K, reserved 1114112K
  class space    used 2615K, committed 3008K, reserved 1048576K
}
Event: 4.045 GC heap after
{Heap after GC invocations=15 (full 1):
 PSYoungGen      total 15872K, used 462K [0x00000000d5580000, 0x00000000d6980000, 0x0000000100000000)
  eden space 15360K, 0% used [0x00000000d5580000,0x00000000d5580000,0x00000000d6480000)
  from space 512K, 90% used [0x00000000d6900000,0x00000000d6973890,0x00000000d6980000)
  to   space 512K, 0% used [0x00000000d6880000,0x00000000d6880000,0x00000000d6900000)
 ParOldGen       total 68608K, used 27154K [0x0000000080000000, 0x0000000084300000, 0x00000000d5580000)
  object space 68608K, 39% used [0x0000000080000000,0x0000000081a84aa0,0x0000000084300000)
 Metaspace       used 27083K, committed 27904K, reserved 1114112K
  class space    used 2615K, committed 3008K, reserved 1048576K
}
Event: 4.110 GC heap before
{Heap before GC invocations=16 (full 1):
 PSYoungGen      total 15872K, used 15784K [0x00000000d5580000, 0x00000000d6980000, 0x0000000100000000)
  eden space 15360K, 99% used [0x00000000d5580000,0x00000000d6476b58,0x00000000d6480000)
  from space 512K, 90% used [0x00000000d6900000,0x00000000d6973890,0x00000000d6980000)
  to   space 512K, 0% used [0x00000000d6880000,0x00000000d6880000,0x00000000d6900000)
 ParOldGen       total 68608K, used 27154K [0x0000000080000000, 0x0000000084300000, 0x00000000d5580000)
  object space 68608K, 39% used [0x0000000080000000,0x0000000081a84aa0,0x0000000084300000)
 Metaspace       used 27410K, committed 28224K, reserved 1114112K
  class space    used 2637K, committed 3008K, reserved 1048576K
}
Event: 4.111 GC heap after
{Heap after GC invocations=16 (full 1):
 PSYoungGen      total 15872K, used 488K [0x00000000d5580000, 0x00000000d6980000, 0x0000000100000000)
  eden space 15360K, 0% used [0x00000000d5580000,0x00000000d5580000,0x00000000d6480000)
  from space 512K, 95% used [0x00000000d6880000,0x00000000d68fa390,0x00000000d6900000)
  to   space 512K, 0% used [0x00000000d6900000,0x00000000d6900000,0x00000000d6980000)
 ParOldGen       total 68608K, used 27652K [0x0000000080000000, 0x0000000084300000, 0x00000000d5580000)
  object space 68608K, 40% used [0x0000000080000000,0x0000000081b01100,0x0000000084300000)
 Metaspace       used 27410K, committed 28224K, reserved 1114112K
  class space    used 2637K, committed 3008K, reserved 1048576K
}
Event: 4.277 GC heap before
{Heap before GC invocations=17 (full 1):
 PSYoungGen      total 15872K, used 15848K [0x00000000d5580000, 0x00000000d6980000, 0x0000000100000000)
  eden space 15360K, 100% used [0x00000000d5580000,0x00000000d6480000,0x00000000d6480000)
  from space 512K, 95% used [0x00000000d6880000,0x00000000d68fa390,0x00000000d6900000)
  to   space 512K, 0% used [0x00000000d6900000,0x00000000d6900000,0x00000000d6980000)
 ParOldGen       total 68608K, used 27652K [0x0000000080000000, 0x0000000084300000, 0x00000000d5580000)
  object space 68608K, 40% used [0x0000000080000000,0x0000000081b01100,0x0000000084300000)
 Metaspace       used 29044K, committed 30016K, reserved 1114112K
  class space    used 2766K, committed 3200K, reserved 1048576K
}
Event: 4.278 GC heap after
{Heap after GC invocations=17 (full 1):
 PSYoungGen      total 15872K, used 499K [0x00000000d5580000, 0x00000000d6980000, 0x0000000100000000)
  eden space 15360K, 0% used [0x00000000d5580000,0x00000000d5580000,0x00000000d6480000)
  from space 512K, 97% used [0x00000000d6900000,0x00000000d697ce30,0x00000000d6980000)
  to   space 1536K, 0% used [0x00000000d6680000,0x00000000d6680000,0x00000000d6800000)
 ParOldGen       total 68608K, used 28442K [0x0000000080000000, 0x0000000084300000, 0x00000000d5580000)
  object space 68608K, 41% used [0x0000000080000000,0x0000000081bc6b00,0x0000000084300000)
 Metaspace       used 29044K, committed 30016K, reserved 1114112K
  class space    used 2766K, committed 3200K, reserved 1048576K
}
Event: 4.449 GC heap before
{Heap before GC invocations=18 (full 1):
 PSYoungGen      total 15872K, used 15859K [0x00000000d5580000, 0x00000000d6980000, 0x0000000100000000)
  eden space 15360K, 100% used [0x00000000d5580000,0x00000000d6480000,0x00000000d6480000)
  from space 512K, 97% used [0x00000000d6900000,0x00000000d697ce30,0x00000000d6980000)
  to   space 1536K, 0% used [0x00000000d6680000,0x00000000d6680000,0x00000000d6800000)
 ParOldGen       total 68608K, used 28442K [0x0000000080000000, 0x0000000084300000, 0x00000000d5580000)
  object space 68608K, 41% used [0x0000000080000000,0x0000000081bc6b00,0x0000000084300000)
 Metaspace       used 30611K, committed 31616K, reserved 1114112K
  class space    used 2965K, committed 3456K, reserved 1048576K
}
Event: 4.450 GC heap after
{Heap after GC invocations=18 (full 1):
 PSYoungGen      total 16896K, used 768K [0x00000000d5580000, 0x00000000d6980000, 0x0000000100000000)
  eden space 15360K, 0% used [0x00000000d5580000,0x00000000d5580000,0x00000000d6480000)
  from space 1536K, 50% used [0x00000000d6680000,0x00000000d6740000,0x00000000d6800000)
  to   space 1024K, 0% used [0x00000000d6880000,0x00000000d6880000,0x00000000d6980000)
 ParOldGen       total 68608K, used 28943K [0x0000000080000000, 0x0000000084300000, 0x00000000d5580000)
  object space 68608K, 42% used [0x0000000080000000,0x0000000081c43e78,0x0000000084300000)
 Metaspace       used 30611K, committed 31616K, reserved 1114112K
  class space    used 2965K, committed 3456K, reserved 1048576K
}
Event: 4.736 GC heap before
{Heap before GC invocations=19 (full 1):
 PSYoungGen      total 16896K, used 16128K [0x00000000d5580000, 0x00000000d6980000, 0x0000000100000000)
  eden space 15360K, 100% used [0x00000000d5580000,0x00000000d6480000,0x00000000d6480000)
  from space 1536K, 50% used [0x00000000d6680000,0x00000000d6740000,0x00000000d6800000)
  to   space 1024K, 0% used [0x00000000d6880000,0x00000000d6880000,0x00000000d6980000)
 ParOldGen       total 68608K, used 28943K [0x0000000080000000, 0x0000000084300000, 0x00000000d5580000)
  object space 68608K, 42% used [0x0000000080000000,0x0000000081c43e78,0x0000000084300000)
 Metaspace       used 31582K, committed 32512K, reserved 1114112K
  class space    used 3065K, committed 3520K, reserved 1048576K
}
Event: 4.737 GC heap after
{Heap after GC invocations=19 (full 1):
 PSYoungGen      total 16384K, used 721K [0x00000000d5580000, 0x00000000d6980000, 0x0000000100000000)
  eden space 15360K, 0% used [0x00000000d5580000,0x00000000d5580000,0x00000000d6480000)
  from space 1024K, 70% used [0x00000000d6880000,0x00000000d6934408,0x00000000d6980000)
  to   space 1024K, 0% used [0x00000000d6780000,0x00000000d6780000,0x00000000d6880000)
 ParOldGen       total 68608K, used 29591K [0x0000000080000000, 0x0000000084300000, 0x00000000d5580000)
  object space 68608K, 43% used [0x0000000080000000,0x0000000081ce5c50,0x0000000084300000)
 Metaspace       used 31582K, committed 32512K, reserved 1114112K
  class space    used 3065K, committed 3520K, reserved 1048576K
}
Event: 4.801 GC heap before
{Heap before GC invocations=20 (full 1):
 PSYoungGen      total 16384K, used 16080K [0x00000000d5580000, 0x00000000d6980000, 0x0000000100000000)
  eden space 15360K, 99% used [0x00000000d5580000,0x00000000d647fec0,0x00000000d6480000)
  from space 1024K, 70% used [0x00000000d6880000,0x00000000d6934408,0x00000000d6980000)
  to   space 1024K, 0% used [0x00000000d6780000,0x00000000d6780000,0x00000000d6880000)
 ParOldGen       total 68608K, used 29591K [0x0000000080000000, 0x0000000084300000, 0x00000000d5580000)
  object space 68608K, 43% used [0x0000000080000000,0x0000000081ce5c50,0x0000000084300000)
 Metaspace       used 32914K, committed 33984K, reserved 1114112K
  class space    used 3251K, committed 3712K, reserved 1048576K
}
Event: 4.802 GC heap after
{Heap after GC invocations=20 (full 1):
 PSYoungGen      total 16384K, used 1017K [0x00000000d5580000, 0x00000000d6980000, 0x0000000100000000)
  eden space 15360K, 0% used [0x00000000d5580000,0x00000000d5580000,0x00000000d6480000)
  from space 1024K, 99% used [0x00000000d6780000,0x00000000d687e4e0,0x00000000d6880000)
  to   space 1024K, 0% used [0x00000000d6880000,0x00000000d6880000,0x00000000d6980000)
 ParOldGen       total 68608K, used 30505K [0x0000000080000000, 0x0000000084300000, 0x00000000d5580000)
  object space 68608K, 44% used [0x0000000080000000,0x0000000081dca780,0x0000000084300000)
 Metaspace       used 32914K, committed 33984K, reserved 1114112K
  class space    used 3251K, committed 3712K, reserved 1048576K
}
Event: 4.834 GC heap before
{Heap before GC invocations=21 (full 1):
 PSYoungGen      total 16384K, used 16377K [0x00000000d5580000, 0x00000000d6980000, 0x0000000100000000)
  eden space 15360K, 100% used [0x00000000d5580000,0x00000000d6480000,0x00000000d6480000)
  from space 1024K, 99% used [0x00000000d6780000,0x00000000d687e4e0,0x00000000d6880000)
  to   space 1024K, 0% used [0x00000000d6880000,0x00000000d6880000,0x00000000d6980000)
 ParOldGen       total 68608K, used 30505K [0x0000000080000000, 0x0000000084300000, 0x00000000d5580000)
  object space 68608K, 44% used [0x0000000080000000,0x0000000081dca7a0,0x0000000084300000)
 Metaspace       used 34240K, committed 35328K, reserved 1114112K
  class space    used 3400K, committed 3904K, reserved 1048576K
}
Event: 4.835 GC heap after
{Heap after GC invocations=21 (full 1):
 PSYoungGen      total 16384K, used 791K [0x00000000d5580000, 0x00000000d6980000, 0x0000000100000000)
  eden space 15360K, 0% used [0x00000000d5580000,0x00000000d5580000,0x00000000d6480000)
  from space 1024K, 77% used [0x00000000d6880000,0x00000000d6945d38,0x00000000d6980000)
  to   space 1536K, 0% used [0x00000000d6680000,0x00000000d6680000,0x00000000d6800000)
 ParOldGen       total 68608K, used 31317K [0x0000000080000000, 0x0000000084300000, 0x00000000d5580000)
  object space 68608K, 45% used [0x0000000080000000,0x0000000081e95408,0x0000000084300000)
 Metaspace       used 34240K, committed 35328K, reserved 1114112K
  class space    used 3400K, committed 3904K, reserved 1048576K
}
Event: 4.850 GC heap before
{Heap before GC invocations=22 (full 1):
 PSYoungGen      total 16384K, used 5367K [0x00000000d5580000, 0x00000000d6980000, 0x0000000100000000)
  eden space 15360K, 29% used [0x00000000d5580000,0x00000000d59f8070,0x00000000d6480000)
  from space 1024K, 77% used [0x00000000d6880000,0x00000000d6945d38,0x00000000d6980000)
  to   space 1536K, 0% used [0x00000000d6680000,0x00000000d6680000,0x00000000d6800000)
 ParOldGen       total 68608K, used 31317K [0x0000000080000000, 0x0000000084300000, 0x00000000d5580000)
  object space 68608K, 45% used [0x0000000080000000,0x0000000081e95408,0x0000000084300000)
 Metaspace       used 34820K, committed 35840K, reserved 1114112K
  class space    used 3470K, committed 3904K, reserved 1048576K
}
Event: 4.850 GC heap after
{Heap after GC invocations=22 (full 1):
 PSYoungGen      total 16896K, used 416K [0x00000000d5580000, 0x00000000d6900000, 0x0000000100000000)
  eden space 15360K, 0% used [0x00000000d5580000,0x00000000d5580000,0x00000000d6480000)
  from space 1536K, 27% used [0x00000000d6680000,0x00000000d66e8000,0x00000000d6800000)
  to   space 1024K, 0% used [0x00000000d6800000,0x00000000d6800000,0x00000000d6900000)
 ParOldGen       total 68608K, used 31795K [0x0000000080000000, 0x0000000084300000, 0x00000000d5580000)
  object space 68608K, 46% used [0x0000000080000000,0x0000000081f0ce00,0x0000000084300000)
 Metaspace       used 34820K, committed 35840K, reserved 1114112K
  class space    used 3470K, committed 3904K, reserved 1048576K
}
Event: 4.850 GC heap before
{Heap before GC invocations=23 (full 2):
 PSYoungGen      total 16896K, used 416K [0x00000000d5580000, 0x00000000d6900000, 0x0000000100000000)
  eden space 15360K, 0% used [0x00000000d5580000,0x00000000d5580000,0x00000000d6480000)
  from space 1536K, 27% used [0x00000000d6680000,0x00000000d66e8000,0x00000000d6800000)
  to   space 1024K, 0% used [0x00000000d6800000,0x00000000d6800000,0x00000000d6900000)
 ParOldGen       total 68608K, used 31795K [0x0000000080000000, 0x0000000084300000, 0x00000000d5580000)
  object space 68608K, 46% used [0x0000000080000000,0x0000000081f0ce00,0x0000000084300000)
 Metaspace       used 34820K, committed 35840K, reserved 1114112K
  class space    used 3470K, committed 3904K, reserved 1048576K
}
Event: 4.885 GC heap after
{Heap after GC invocations=23 (full 2):
 PSYoungGen      total 16896K, used 0K [0x00000000d5580000, 0x00000000d6900000, 0x0000000100000000)
  eden space 15360K, 0% used [0x00000000d5580000,0x00000000d5580000,0x00000000d6480000)
  from space 1536K, 0% used [0x00000000d6680000,0x00000000d6680000,0x00000000d6800000)
  to   space 1024K, 0% used [0x00000000d6800000,0x00000000d6800000,0x00000000d6900000)
 ParOldGen       total 68608K, used 29715K [0x0000000080000000, 0x0000000084300000, 0x00000000d5580000)
  object space 68608K, 43% used [0x0000000080000000,0x0000000081d04f88,0x0000000084300000)
 Metaspace       used 34820K, committed 35840K, reserved 1114112K
  class space    used 3470K, committed 3904K, reserved 1048576K
}

