# JRE version: OpenJDK Runtime Environment Temurin-21.0.9+10 (21.0.9+10) (build 21.0.9+10-LTS)
# Java VM: OpenJDK 64-Bit Server VM Temurin-21.0.9+10 (21.0.9+10-LTS, mixed mode, sharing, tiered, compressed oops, compressed class ptrs, parallel gc, windows-amd64)
GC Precious Log:
 CardTable entry size: 512
 CPUs: 16 total, 16 available
 Memory: 15613M
 Large Page Support: Disabled
 NUMA Support: Disabled
 Compressed Oops: Enabled (32-bit)
 Alignments: Space 512K, Generation 512K, Heap 2M
 Heap Min Capacity: 100M
 Heap Initial Capacity: 100M
 Heap Max Capacity: 2G
 Pre-touch: Disabled
 Parallel Workers: 13
Heap:
 PSYoungGen      total 15872K, used 6532K [0x00000000d5580000, 0x00000000d6600000, 0x0000000100000000)
  eden space 14848K, 39% used [0x00000000d5580000,0x00000000d5b39210,0x00000000d6400000)
  from space 1024K, 65% used [0x00000000d6480000,0x00000000d6528000,0x00000000d6580000)
  to   space 512K, 0% used [0x00000000d6580000,0x00000000d6580000,0x00000000d6600000)
 ParOldGen       total 68608K, used 51832K [0x0000000080000000, 0x0000000084300000, 0x00000000d5580000)
  object space 68608K, 75% used [0x0000000080000000,0x000000008329e3d0,0x0000000084300000)
 Metaspace       used 49587K, committed 50880K, reserved 1114112K
  class space    used 5307K, committed 5888K, reserved 1048576K
GC Heap History (20 events):
Event: 5.562 GC heap before
{Heap before GC invocations=34 (full 2):
 PSYoungGen      total 17408K, used 16945K [0x00000000d5580000, 0x00000000d6880000, 0x0000000100000000)
  eden space 15360K, 100% used [0x00000000d5580000,0x00000000d6480000,0x00000000d6480000)
  from space 2048K, 77% used [0x00000000d6580000,0x00000000d670c410,0x00000000d6780000)
  to   space 1024K, 0% used [0x00000000d6780000,0x00000000d6780000,0x00000000d6880000)
 ParOldGen       total 68608K, used 38382K [0x0000000080000000, 0x0000000084300000, 0x00000000d5580000)
  object space 68608K, 55% used [0x0000000080000000,0x000000008257b878,0x0000000084300000)
 Metaspace       used 43979K, committed 45248K, reserved 1114112K
  class space    used 4631K, committed 5248K, reserved 1048576K
}
Event: 5.563 GC heap after
{Heap after GC invocations=34 (full 2):
 PSYoungGen      total 15872K, used 992K [0x00000000d5580000, 0x00000000d6b80000, 0x0000000100000000)
  eden space 14848K, 0% used [0x00000000d5580000,0x00000000d5580000,0x00000000d6400000)
  from space 1024K, 96% used [0x00000000d6780000,0x00000000d6878010,0x00000000d6880000)
  to   space 3584K, 0% used [0x00000000d6400000,0x00000000d6400000,0x00000000d6780000)
 ParOldGen       total 68608K, used 40330K [0x0000000080000000, 0x0000000084300000, 0x00000000d5580000)
  object space 68608K, 58% used [0x0000000080000000,0x0000000082762970,0x0000000084300000)
 Metaspace       used 43979K, committed 45248K, reserved 1114112K
  class space    used 4631K, committed 5248K, reserved 1048576K
}
Event: 5.602 GC heap before
{Heap before GC invocations=35 (full 2):
 PSYoungGen      total 15872K, used 15840K [0x00000000d5580000, 0x00000000d6b80000, 0x0000000100000000)
  eden space 14848K, 100% used [0x00000000d5580000,0x00000000d6400000,0x00000000d6400000)
  from space 1024K, 96% used [0x00000000d6780000,0x00000000d6878010,0x00000000d6880000)
  to   space 3584K, 0% used [0x00000000d6400000,0x00000000d6400000,0x00000000d6780000)
 ParOldGen       total 68608K, used 40330K [0x0000000080000000, 0x0000000084300000, 0x00000000d5580000)
  object space 68608K, 58% used [0x0000000080000000,0x0000000082762970,0x0000000084300000)
 Metaspace       used 44269K, committed 45504K, reserved 1114112K
  class space    used 4671K, committed 5248K, reserved 1048576K
}
Event: 5.604 GC heap after
{Heap after GC invocations=35 (full 2):
 PSYoungGen      total 16896K, used 1762K [0x00000000d5580000, 0x00000000d6900000, 0x0000000100000000)
  eden space 14848K, 0% used [0x00000000d5580000,0x00000000d5580000,0x00000000d6400000)
  from space 2048K, 86% used [0x00000000d6400000,0x00000000d65b8800,0x00000000d6600000)
  to   space 2560K, 0% used [0x00000000d6680000,0x00000000d6680000,0x00000000d6900000)
 ParOldGen       total 68608K, used 41378K [0x0000000080000000, 0x0000000084300000, 0x00000000d5580000)
  object space 68608K, 60% used [0x0000000080000000,0x0000000082868980,0x0000000084300000)
 Metaspace       used 44269K, committed 45504K, reserved 1114112K
  class space    used 4671K, committed 5248K, reserved 1048576K
}
Event: 5.642 GC heap before
{Heap before GC invocations=36 (full 2):
 PSYoungGen      total 16896K, used 16610K [0x00000000d5580000, 0x00000000d6900000, 0x0000000100000000)
  eden space 14848K, 100% used [0x00000000d5580000,0x00000000d6400000,0x00000000d6400000)
  from space 2048K, 86% used [0x00000000d6400000,0x00000000d65b8800,0x00000000d6600000)
  to   space 2560K, 0% used [0x00000000d6680000,0x00000000d6680000,0x00000000d6900000)
 ParOldGen       total 68608K, used 41378K [0x0000000080000000, 0x0000000084300000, 0x00000000d5580000)
  object space 68608K, 60% used [0x0000000080000000,0x0000000082868980,0x0000000084300000)
 Metaspace       used 44602K, committed 45888K, reserved 1114112K
  class space    used 4714K, committed 5312K, reserved 1048576K
}
Event: 5.644 GC heap after
{Heap after GC invocations=36 (full 2):
 PSYoungGen      total 16896K, used 1732K [0x00000000d5580000, 0x00000000d6880000, 0x0000000100000000)
  eden space 14848K, 0% used [0x00000000d5580000,0x00000000d5580000,0x00000000d6400000)
  from space 2048K, 84% used [0x00000000d6680000,0x00000000d6831000,0x00000000d6880000)
  to   space 2048K, 0% used [0x00000000d6400000,0x00000000d6400000,0x00000000d6600000)
 ParOldGen       total 68608K, used 42848K [0x0000000080000000, 0x0000000084300000, 0x00000000d5580000)
  object space 68608K, 62% used [0x0000000080000000,0x00000000829d8030,0x0000000084300000)
 Metaspace       used 44602K, committed 45888K, reserved 1114112K
  class space    used 4714K, committed 5312K, reserved 1048576K
}
Event: 5.682 GC heap before
{Heap before GC invocations=37 (full 2):
 PSYoungGen      total 16896K, used 16580K [0x00000000d5580000, 0x00000000d6880000, 0x0000000100000000)
  eden space 14848K, 100% used [0x00000000d5580000,0x00000000d6400000,0x00000000d6400000)
  from space 2048K, 84% used [0x00000000d6680000,0x00000000d6831000,0x00000000d6880000)
  to   space 2048K, 0% used [0x00000000d6400000,0x00000000d6400000,0x00000000d6600000)
 ParOldGen       total 68608K, used 42848K [0x0000000080000000, 0x0000000084300000, 0x00000000d5580000)
  object space 68608K, 62% used [0x0000000080000000,0x00000000829d8030,0x0000000084300000)
 Metaspace       used 44889K, committed 46208K, reserved 1114112K
  class space    used 4752K, committed 5376K, reserved 1048576K
}
Event: 5.684 GC heap after
{Heap after GC invocations=37 (full 2):
 PSYoungGen      total 16896K, used 1600K [0x00000000d5580000, 0x00000000d6800000, 0x0000000100000000)
  eden space 14848K, 0% used [0x00000000d5580000,0x00000000d5580000,0x00000000d6400000)
  from space 2048K, 78% used [0x00000000d6400000,0x00000000d6590000,0x00000000d6600000)
  to   space 2048K, 0% used [0x00000000d6600000,0x00000000d6600000,0x00000000d6800000)
 ParOldGen       total 68608K, used 44416K [0x0000000080000000, 0x0000000084300000, 0x00000000d5580000)
  object space 68608K, 64% used [0x0000000080000000,0x0000000082b60130,0x0000000084300000)
 Metaspace       used 44889K, committed 46208K, reserved 1114112K
  class space    used 4752K, committed 5376K, reserved 1048576K
}
Event: 5.738 GC heap before
{Heap before GC invocations=38 (full 2):
 PSYoungGen      total 16896K, used 16448K [0x00000000d5580000, 0x00000000d6800000, 0x0000000100000000)
  eden space 14848K, 100% used [0x00000000d5580000,0x00000000d6400000,0x00000000d6400000)
  from space 2048K, 78% used [0x00000000d6400000,0x00000000d6590000,0x00000000d6600000)
  to   space 2048K, 0% used [0x00000000d6600000,0x00000000d6600000,0x00000000d6800000)
 ParOldGen       total 68608K, used 44416K [0x0000000080000000, 0x0000000084300000, 0x00000000d5580000)
  object space 68608K, 64% used [0x0000000080000000,0x0000000082b60130,0x0000000084300000)
 Metaspace       used 45379K, committed 46592K, reserved 1114112K
  class space    used 4805K, committed 5376K, reserved 1048576K
}
Event: 5.739 GC heap after
{Heap after GC invocations=38 (full 2):
 PSYoungGen      total 16896K, used 1696K [0x00000000d5580000, 0x00000000d6800000, 0x0000000100000000)
  eden space 14848K, 0% used [0x00000000d5580000,0x00000000d5580000,0x00000000d6400000)
  from space 2048K, 82% used [0x00000000d6600000,0x00000000d67a8010,0x00000000d6800000)
  to   space 2048K, 0% used [0x00000000d6400000,0x00000000d6400000,0x00000000d6600000)
 ParOldGen       total 68608K, used 45820K [0x0000000080000000, 0x0000000084300000, 0x00000000d5580000)
  object space 68608K, 66% used [0x0000000080000000,0x0000000082cbf140,0x0000000084300000)
 Metaspace       used 45379K, committed 46592K, reserved 1114112K
  class space    used 4805K, committed 5376K, reserved 1048576K
}
Event: 5.787 GC heap before
{Heap before GC invocations=39 (full 2):
 PSYoungGen      total 16896K, used 16544K [0x00000000d5580000, 0x00000000d6800000, 0x0000000100000000)
  eden space 14848K, 100% used [0x00000000d5580000,0x00000000d6400000,0x00000000d6400000)
  from space 2048K, 82% used [0x00000000d6600000,0x00000000d67a8010,0x00000000d6800000)
  to   space 2048K, 0% used [0x00000000d6400000,0x00000000d6400000,0x00000000d6600000)
 ParOldGen       total 68608K, used 45820K [0x0000000080000000, 0x0000000084300000, 0x00000000d5580000)
  object space 68608K, 66% used [0x0000000080000000,0x0000000082cbf170,0x0000000084300000)
 Metaspace       used 45663K, committed 46976K, reserved 1114112K
  class space    used 4840K, committed 5440K, reserved 1048576K
}
Event: 5.788 GC heap after
{Heap after GC invocations=39 (full 2):
 PSYoungGen      total 16896K, used 1696K [0x00000000d5580000, 0x00000000d6800000, 0x0000000100000000)
  eden space 14848K, 0% used [0x00000000d5580000,0x00000000d5580000,0x00000000d6400000)
  from space 2048K, 82% used [0x00000000d6400000,0x00000000d65a8000,0x00000000d6600000)
  to   space 2048K, 0% used [0x00000000d6600000,0x00000000d6600000,0x00000000d6800000)
 ParOldGen       total 68608K, used 47316K [0x0000000080000000, 0x0000000084300000, 0x00000000d5580000)
  object space 68608K, 68% used [0x0000000080000000,0x0000000082e35180,0x0000000084300000)
 Metaspace       used 45663K, committed 46976K, reserved 1114112K
  class space    used 4840K, committed 5440K, reserved 1048576K
}
Event: 5.845 GC heap before
{Heap before GC invocations=40 (full 2):
 PSYoungGen      total 16896K, used 16544K [0x00000000d5580000, 0x00000000d6800000, 0x0000000100000000)
  eden space 14848K, 100% used [0x00000000d5580000,0x00000000d6400000,0x00000000d6400000)
  from space 2048K, 82% used [0x00000000d6400000,0x00000000d65a8000,0x00000000d6600000)
  to   space 2048K, 0% used [0x00000000d6600000,0x00000000d6600000,0x00000000d6800000)
 ParOldGen       total 68608K, used 48102K [0x0000000080000000, 0x0000000084300000, 0x00000000d5580000)
  object space 68608K, 70% used [0x0000000080000000,0x0000000082ef9a40,0x0000000084300000)
 Metaspace       used 46144K, committed 47424K, reserved 1114112K
  class space    used 4900K, committed 5504K, reserved 1048576K
}
Event: 5.847 GC heap after
{Heap after GC invocations=40 (full 2):
 PSYoungGen      total 16384K, used 1216K [0x00000000d5580000, 0x00000000d6780000, 0x0000000100000000)
  eden space 14848K, 0% used [0x00000000d5580000,0x00000000d5580000,0x00000000d6400000)
  from space 1536K, 79% used [0x00000000d6600000,0x00000000d6730000,0x00000000d6780000)
  to   space 1536K, 0% used [0x00000000d6480000,0x00000000d6480000,0x00000000d6600000)
 ParOldGen       total 68608K, used 49611K [0x0000000080000000, 0x0000000084300000, 0x00000000d5580000)
  object space 68608K, 72% used [0x0000000080000000,0x0000000083072c50,0x0000000084300000)
 Metaspace       used 46144K, committed 47424K, reserved 1114112K
  class space    used 4900K, committed 5504K, reserved 1048576K
}
Event: 5.999 GC heap before
{Heap before GC invocations=41 (full 2):
 PSYoungGen      total 16384K, used 16064K [0x00000000d5580000, 0x00000000d6780000, 0x0000000100000000)
  eden space 14848K, 100% used [0x00000000d5580000,0x00000000d6400000,0x00000000d6400000)
  from space 1536K, 79% used [0x00000000d6600000,0x00000000d6730000,0x00000000d6780000)
  to   space 1536K, 0% used [0x00000000d6480000,0x00000000d6480000,0x00000000d6600000)
 ParOldGen       total 68608K, used 49611K [0x0000000080000000, 0x0000000084300000, 0x00000000d5580000)
  object space 68608K, 72% used [0x0000000080000000,0x0000000083072c50,0x0000000084300000)
 Metaspace       used 47256K, committed 48512K, reserved 1114112K
  class space    used 5060K, committed 5632K, reserved 1048576K
}
Event: 6.000 GC heap after
{Heap after GC invocations=41 (full 2):
 PSYoungGen      total 15872K, used 768K [0x00000000d5580000, 0x00000000d6680000, 0x0000000100000000)
  eden space 14848K, 0% used [0x00000000d5580000,0x00000000d5580000,0x00000000d6400000)
  from space 1024K, 75% used [0x00000000d6480000,0x00000000d6540000,0x00000000d6580000)
  to   space 1024K, 0% used [0x00000000d6580000,0x00000000d6580000,0x00000000d6680000)
 ParOldGen       total 68608K, used 50647K [0x0000000080000000, 0x0000000084300000, 0x00000000d5580000)
  object space 68608K, 73% used [0x0000000080000000,0x0000000083175fa8,0x0000000084300000)
 Metaspace       used 47256K, committed 48512K, reserved 1114112K
  class space    used 5060K, committed 5632K, reserved 1048576K
}
Event: 6.150 GC heap before
{Heap before GC invocations=42 (full 2):
 PSYoungGen      total 15872K, used 15563K [0x00000000d5580000, 0x00000000d6680000, 0x0000000100000000)
  eden space 14848K, 99% used [0x00000000d5580000,0x00000000d63f2fb0,0x00000000d6400000)
  from space 1024K, 75% used [0x00000000d6480000,0x00000000d6540000,0x00000000d6580000)
  to   space 1024K, 0% used [0x00000000d6580000,0x00000000d6580000,0x00000000d6680000)
 ParOldGen       total 68608K, used 50647K [0x0000000080000000, 0x0000000084300000, 0x00000000d5580000)
  object space 68608K, 73% used [0x0000000080000000,0x0000000083175fa8,0x0000000084300000)
 Metaspace       used 48325K, committed 49600K, reserved 1114112K
  class space    used 5177K, committed 5760K, reserved 1048576K
}
Event: 6.151 GC heap after
{Heap after GC invocations=42 (full 2):
 PSYoungGen      total 15872K, used 817K [0x00000000d5580000, 0x00000000d6680000, 0x0000000100000000)
  eden space 14848K, 0% used [0x00000000d5580000,0x00000000d5580000,0x00000000d6400000)
  from space 1024K, 79% used [0x00000000d6580000,0x00000000d664c6f0,0x00000000d6680000)
  to   space 1024K, 0% used [0x00000000d6480000,0x00000000d6480000,0x00000000d6580000)
 ParOldGen       total 68608K, used 51255K [0x0000000080000000, 0x0000000084300000, 0x00000000d5580000)
  object space 68608K, 74% used [0x0000000080000000,0x000000008320dfa8,0x0000000084300000)
 Metaspace       used 48325K, committed 49600K, reserved 1114112K
  class space    used 5177K, committed 5760K, reserved 1048576K
}
Event: 6.281 GC heap before
{Heap before GC invocations=43 (full 2):
 PSYoungGen      total 15872K, used 15665K [0x00000000d5580000, 0x00000000d6680000, 0x0000000100000000)
  eden space 14848K, 99% used [0x00000000d5580000,0x00000000d63ffff8,0x00000000d6400000)
  from space 1024K, 79% used [0x00000000d6580000,0x00000000d664c6f0,0x00000000d6680000)
  to   space 1024K, 0% used [0x00000000d6480000,0x00000000d6480000,0x00000000d6580000)
 ParOldGen       total 68608K, used 51255K [0x0000000080000000, 0x0000000084300000, 0x00000000d5580000)
  object space 68608K, 74% used [0x0000000080000000,0x000000008320dfa8,0x0000000084300000)
 Metaspace       used 49096K, committed 50368K, reserved 1114112K
  class space    used 5263K, committed 5824K, reserved 1048576K
}
Event: 6.283 GC heap after
{Heap after GC invocations=43 (full 2):
 PSYoungGen      total 15872K, used 672K [0x00000000d5580000, 0x00000000d6600000, 0x0000000100000000)
  eden space 14848K, 0% used [0x00000000d5580000,0x00000000d5580000,0x00000000d6400000)
  from space 1024K, 65% used [0x00000000d6480000,0x00000000d6528000,0x00000000d6580000)
  to   space 512K, 0% used [0x00000000d6580000,0x00000000d6580000,0x00000000d6600000)
 ParOldGen       total 68608K, used 51832K [0x0000000080000000, 0x0000000084300000, 0x00000000d5580000)
  object space 68608K, 75% used [0x0000000080000000,0x000000008329e3d0,0x0000000084300000)
 Metaspace       used 49096K, committed 50368K, reserved 1114112K
  class space    used 5263K, committed 5824K, reserved 1048576K
}

